<?xml version="1.0" encoding="UTF-8"?>
<!-- Generated by org.testng.reporters.JUnitReportReporter -->
<testsuite hostname="LAPTOP-U1UJUPKC" failures="0" tests="1" name="runnerFiles.runArgosTest" time="18.450" errors="0" timestamp="2025-09-04T11:33:56 BST" skipped="0">
  <testcase classname="runnerFiles.runArgosTest" name="runScenario" time="18.450"/>
</testsuite> <!-- runnerFiles.runArgosTest -->
